<?xml version="1.0" encoding="UTF-8"?>
<!-- Generated by org.testng.reporters.JUnitReportReporter -->
<testsuite skipped="0" hostname="DESKTOP-9BMLCIN" name="qa.TestCases.SearchPositionPageTest" tests="1" failures="0" timestamp="19 Feb 2019 09:33:37 GMT" time="104.356" errors="0">
  <testcase name="clickOnSearchPosition" time="104.356" classname="qa.TestCases.SearchPositionPageTest"/>
</testsuite> <!-- qa.TestCases.SearchPositionPageTest -->
