<?xml version="1.0" encoding="UTF-8"?>
<!-- Generated by org.testng.reporters.JUnitReportReporter -->
<testsuite skipped="0" hostname="DESKTOP-9BMLCIN" name="qa.TestCases.AdministrationPageTest" tests="1" failures="0" timestamp="19 Feb 2019 09:33:38 GMT" time="164.767" errors="0">
  <testcase name="clickOnAddCourse" time="164.767" classname="qa.TestCases.AdministrationPageTest"/>
</testsuite> <!-- qa.TestCases.AdministrationPageTest -->
