<?xml version="1.0" encoding="UTF-8"?>
<!-- Generated by org.testng.reporters.JUnitReportReporter -->
<testsuite skipped="0" hostname="DESKTOP-9BMLCIN" name="qa.TestCases.AddPositionPageTest" tests="1" failures="0" timestamp="19 Feb 2019 09:40:02 GMT" time="155.965" errors="0">
  <testcase name="clickOnAddPosition" time="155.965" classname="qa.TestCases.AddPositionPageTest"/>
</testsuite> <!-- qa.TestCases.AddPositionPageTest -->
