<?xml version="1.0" encoding="UTF-8"?>
<!-- Generated by org.testng.reporters.JUnitReportReporter -->
<testsuite skipped="0" hostname="DESKTOP-9BMLCIN" name="qa.TestCases.LoginPageTest" tests="3" failures="0" timestamp="19 Feb 2019 09:33:38 GMT" time="65.660" errors="0">
  <testcase name="loginPageTitleTest" time="14.667" classname="qa.TestCases.LoginPageTest"/>
  <testcase name="latitudeLMSImageTest" time="17.616" classname="qa.TestCases.LoginPageTest"/>
  <testcase name="loginTest" time="33.377" classname="qa.TestCases.LoginPageTest"/>
</testsuite> <!-- qa.TestCases.LoginPageTest -->
