<?xml version="1.0" encoding="UTF-8"?>
<!-- Generated by org.testng.reporters.JUnitReportReporter -->
<testsuite skipped="0" hostname="DESKTOP-9BMLCIN" name="qa.TestCases.AddUsersPageTest" tests="1" failures="0" timestamp="19 Feb 2019 09:33:38 GMT" time="167.652" errors="0">
  <testcase name="clickOnAddUser" time="167.652" classname="qa.TestCases.AddUsersPageTest"/>
</testsuite> <!-- qa.TestCases.AddUsersPageTest -->
